\BOOKMARK [0][-]{section*.1}{\376\377\000A\000b\000s\000t\000r\000a\000c\000t}{}% 1
\BOOKMARK [0][-]{section*.2}{\376\377\000A\000c\000k\000n\000o\000w\000l\000e\000d\000g\000e\000m\000e\000n\000t\000s}{}% 2
\BOOKMARK [0][-]{chapter.8}{\376\377\000I\000n\000t\000r\000o\000d\000u\000c\000t\000i\000o\000n}{}% 3
\BOOKMARK [1][-]{section.9}{\376\377\000A\000c\000t\000i\000o\000n\000\040\000R\000e\000c\000o\000g\000n\000i\000t\000i\000o\000n}{chapter.8}% 4
\BOOKMARK [1][-]{section.10}{\376\377\000A\000p\000p\000l\000i\000c\000a\000t\000i\000o\000n\000s}{chapter.8}% 5
\BOOKMARK [2][-]{subsection.11}{\376\377\000E\000t\000h\000i\000c\000a\000l\000\040\000I\000s\000s\000u\000e\000s}{section.10}% 6
\BOOKMARK [1][-]{section.14}{\376\377\000C\000h\000a\000l\000l\000e\000n\000g\000e\000s}{chapter.8}% 7
\BOOKMARK [1][-]{section.15}{\376\377\000P\000r\000o\000b\000l\000e\000m\000\040\000D\000e\000f\000i\000n\000i\000t\000i\000o\000n}{chapter.8}% 8
\BOOKMARK [1][-]{section.16}{\376\377\000T\000h\000e\000s\000i\000s\000\040\000S\000t\000r\000u\000c\000t\000u\000r\000e}{chapter.8}% 9
\BOOKMARK [0][-]{chapter.17}{\376\377\000L\000i\000t\000e\000r\000a\000t\000u\000r\000e\000\040\000R\000e\000v\000i\000e\000w}{}% 10
\BOOKMARK [1][-]{section.18}{\376\377\000I\000m\000a\000g\000e\000\040\000C\000l\000a\000s\000s\000i\000f\000i\000c\000a\000t\000i\000o\000n}{chapter.17}% 11
\BOOKMARK [1][-]{section.19}{\376\377\000O\000p\000t\000i\000c\000a\000l\000\040\000F\000l\000o\000w}{chapter.17}% 12
\BOOKMARK [1][-]{section.21}{\376\377\000C\000o\000n\000v\000o\000l\000u\000t\000i\000o\000n\000a\000l\000\040\000N\000e\000u\000r\000a\000l\000\040\000N\000e\000t\000w\000o\000r\000k\000s}{chapter.17}% 13
\BOOKMARK [2][-]{subsection.22}{\376\377\000S\000t\000r\000u\000c\000t\000u\000r\000e}{section.21}% 14
\BOOKMARK [2][-]{subsection.24}{\376\377\000C\000l\000a\000s\000s\000i\000c\000\040\000A\000r\000c\000h\000i\000t\000e\000c\000t\000u\000r\000e\000s}{section.21}% 15
\BOOKMARK [2][-]{subsection.25}{\376\377\000M\000o\000d\000e\000r\000n\000\040\000A\000r\000c\000h\000i\000t\000e\000c\000t\000u\000r\000e\000s}{section.21}% 16
\BOOKMARK [1][-]{section.26}{\376\377\000C\000N\000N\000\040\000B\000a\000s\000e\000d\000\040\000M\000o\000d\000e\000l\000s}{chapter.17}% 17
\BOOKMARK [2][-]{subsection.27}{\376\377\000C\000N\000N\000\040\000+\000\040\000L\000S\000T\000M\000\040\000M\000o\000d\000e\000l\000s}{section.26}% 18
\BOOKMARK [2][-]{subsection.32}{\376\377\0003\000D\000\040\000C\000N\000N\000\040\000M\000o\000d\000e\000l\000s}{section.26}% 19
\BOOKMARK [1][-]{section.35}{\376\377\000M\000o\000d\000e\000l\000\040\000E\000v\000o\000l\000u\000t\000i\000o\000n}{chapter.17}% 20
\BOOKMARK [1][-]{section.38}{\376\377\000D\000a\000t\000a\000s\000e\000t\000s}{chapter.17}% 21
\BOOKMARK [1][-]{section.41}{\376\377\000P\000o\000s\000e\000\040\000D\000e\000t\000e\000c\000t\000i\000o\000n}{chapter.17}% 22
\BOOKMARK [1][-]{section.43}{\376\377\000P\000o\000s\000e\000-\000B\000a\000s\000e\000d\000\040\000A\000c\000t\000i\000o\000n\000\040\000R\000e\000c\000o\000g\000n\000i\000t\000i\000o\000n}{chapter.17}% 23
\BOOKMARK [2][-]{subsection.48}{\376\377\000I\000n\000t\000e\000r\000m\000e\000d\000i\000a\000t\000e\000\040\000R\000e\000p\000r\000e\000s\000e\000n\000t\000a\000t\000i\000o\000n\000s}{section.43}% 24
\BOOKMARK [0][-]{chapter.54}{\376\377\000M\000e\000t\000h\000o\000d\000o\000l\000o\000g\000y}{}% 25
\BOOKMARK [1][-]{section.55}{\376\377\000P\000o\000s\000e}{chapter.54}% 26
\BOOKMARK [2][-]{subsection.57}{\376\377\000J\000o\000i\000n\000t\000\040\000A\000n\000g\000l\000e\000s}{section.55}% 27
\BOOKMARK [2][-]{subsection.63}{\376\377\000J\000o\000i\000n\000t\000\040\000V\000e\000l\000o\000c\000i\000t\000i\000e\000s}{section.55}% 28
\BOOKMARK [1][-]{section.64}{\376\377\000N\000o\000v\000e\000l\000\040\000I\000n\000t\000e\000r\000m\000e\000d\000i\000a\000t\000e\000\040\000R\000e\000p\000r\000e\000s\000e\000n\000t\000a\000t\000i\000o\000n}{chapter.54}% 29
\BOOKMARK [2][-]{subsection.68}{\376\377\000T\000e\000m\000p\000o\000r\000a\000l\000\040\000A\000d\000j\000u\000s\000t\000m\000e\000n\000t\000s}{section.64}% 30
\BOOKMARK [2][-]{subsection.72}{\376\377\000M\000o\000d\000e\000l\000\040\000A\000r\000c\000h\000i\000t\000e\000c\000t\000u\000r\000e}{section.64}% 31
\BOOKMARK [0][-]{chapter.75}{\376\377\000E\000x\000p\000e\000r\000i\000m\000e\000n\000t\000a\000t\000i\000o\000n}{}% 32
\BOOKMARK [1][-]{section.76}{\376\377\000M\000o\000d\000e\000l\000\040\000H\000y\000p\000e\000r\000p\000a\000r\000a\000m\000e\000t\000e\000r\000s}{chapter.75}% 33
\BOOKMARK [2][-]{subsection.77}{\376\377\000C\000o\000m\000p\000u\000t\000e\000\040\000R\000e\000s\000o\000u\000r\000c\000e\000s}{section.76}% 34
\BOOKMARK [1][-]{section.78}{\376\377\000J\000H\000M\000D\000B\000\040\000R\000e\000s\000u\000l\000t\000s}{chapter.75}% 35
\BOOKMARK [1][-]{section.92}{\376\377\000M\000o\000d\000e\000l\000\040\000A\000b\000l\000a\000t\000i\000o\000n\000\040\000S\000t\000u\000d\000y}{chapter.75}% 36
\BOOKMARK [1][-]{section.100}{\376\377\000M\000o\000d\000e\000l\000\040\000C\000o\000m\000p\000a\000r\000i\000s\000o\000n}{chapter.75}% 37
\BOOKMARK [0][-]{chapter.102}{\376\377\000C\000o\000n\000c\000l\000u\000s\000i\000o\000n\000\040\000\046\000\040\000F\000u\000t\000u\000r\000e\000\040\000W\000o\000r\000k}{}% 38
\BOOKMARK [1][-]{subsection.103}{\376\377\000F\000u\000t\000u\000r\000e\000\040\000W\000o\000r\000k}{chapter.102}% 39
\BOOKMARK [0][-]{appendix*.104}{\376\377\000B\000i\000b\000l\000i\000o\000g\000r\000a\000p\000h\000y}{}% 40
